  stdafx.cpp
  main.cpp
D:\code\PatchMatchStereo\PatchMatchStereo\main.cpp(260,21): warning C4305: 'initializing': truncation from 'double' to 'float32'
D:\code\PatchMatchStereo\PatchMatchStereo\main.cpp(261,21): warning C4305: 'initializing': truncation from 'double' to 'float32'
D:\code\PatchMatchStereo\PatchMatchStereo\main.cpp(262,23): warning C4305: 'initializing': truncation from 'double' to 'float32'
D:\code\PatchMatchStereo\PatchMatchStereo\main.cpp(263,23): warning C4305: 'initializing': truncation from 'double' to 'float32'
D:\code\PatchMatchStereo\PatchMatchStereo\main.cpp(264,25): warning C4305: 'initializing': truncation from 'double' to 'float32'
  PatchMatchStereo.cpp
D:\code\PatchMatchStereo\PatchMatchStereo\pms_types.h(152,28): warning C4244: 'initializing': conversion from 'double' to 'float32', possible loss of data
D:\code\PatchMatchStereo\PatchMatchStereo\pms_types.h(152,22): warning C4244: 'initializing': conversion from 'double' to 'const float32', possible loss of data
D:\code\PatchMatchStereo\PatchMatchStereo\cost_computor.hpp(215,15): warning C4244: '+=': conversion from 'double' to 'float32', possible loss of data
  pms_propagation.cpp
D:\code\PatchMatchStereo\PatchMatchStereo\pms_types.h(152,28): warning C4244: 'initializing': conversion from 'double' to 'float32', possible loss of data
D:\code\PatchMatchStereo\PatchMatchStereo\pms_types.h(152,22): warning C4244: 'initializing': conversion from 'double' to 'const float32', possible loss of data
D:\code\PatchMatchStereo\PatchMatchStereo\cost_computor.hpp(215,15): warning C4244: '+=': conversion from 'double' to 'float32', possible loss of data
  pms_util.cpp
D:\code\PatchMatchStereo\PatchMatchStereo\pms_types.h(152,28): warning C4244: 'initializing': conversion from 'double' to 'float32', possible loss of data
D:\code\PatchMatchStereo\PatchMatchStereo\pms_types.h(152,22): warning C4244: 'initializing': conversion from 'double' to 'const float32', possible loss of data
D:\code\PatchMatchStereo\PatchMatchStereo\pms_util.cpp(85,16): warning C4244: '+=': conversion from 'const double' to 'float32', possible loss of data
C:\Program Files\Microsoft Visual Studio\2022\Community\VC\Tools\MSVC\14.33.31629\include\utility(190,54): warning C4244: 'initializing': conversion from 'const double' to '_Ty2', possible loss of data
          with
          [
              _Ty2=float32
          ]
C:\Program Files\Microsoft Visual Studio\2022\Community\VC\Tools\MSVC\14.33.31629\include\xutility(238): message : see reference to function template instantiation 'std::pair<float32,float32>::pair<const float32&,const double&,0>(_Other1,_Other2) noexcept' being compiled
          with
          [
              _Other1=const float32 &,
              _Other2=const double &
          ]
C:\Program Files\Microsoft Visual Studio\2022\Community\VC\Tools\MSVC\14.33.31629\include\xutility(238): message : see reference to function template instantiation 'std::pair<float32,float32>::pair<const float32&,const double&,0>(_Other1,_Other2) noexcept' being compiled
          with
          [
              _Other1=const float32 &,
              _Other2=const double &
          ]
C:\Program Files\Microsoft Visual Studio\2022\Community\VC\Tools\MSVC\14.33.31629\include\vector(837): message : see reference to function template instantiation 'void std::_Construct_in_place<std::pair<float32,float32>,const float32&,const double&>(_Ty &,const float32 &,const double &) noexcept' being compiled
          with
          [
              _Ty=std::pair<float32,float32>
          ]
C:\Program Files\Microsoft Visual Studio\2022\Community\VC\Tools\MSVC\14.33.31629\include\vector(822): message : see reference to function template instantiation '_Ty &std::vector<_Ty,std::allocator<_Ty>>::_Emplace_back_with_unused_capacity<const float32&,const double&>(const float32 &,const double &)' being compiled
          with
          [
              _Ty=std::pair<float32,float32>
          ]
C:\Program Files\Microsoft Visual Studio\2022\Community\VC\Tools\MSVC\14.33.31629\include\vector(822): message : see reference to function template instantiation '_Ty &std::vector<_Ty,std::allocator<_Ty>>::_Emplace_back_with_unused_capacity<const float32&,const double&>(const float32 &,const double &)' being compiled
          with
          [
              _Ty=std::pair<float32,float32>
          ]
C:\Program Files\Microsoft Visual Studio\2022\Community\VC\Tools\MSVC\14.33.31629\include\vector(904): message : see reference to function template instantiation '_Ty &std::vector<_Ty,std::allocator<_Ty>>::_Emplace_one_at_back<const float32&,const double&>(const float32 &,const double &)' being compiled
          with
          [
              _Ty=std::pair<float32,float32>
          ]
C:\Program Files\Microsoft Visual Studio\2022\Community\VC\Tools\MSVC\14.33.31629\include\vector(904): message : see reference to function template instantiation '_Ty &std::vector<_Ty,std::allocator<_Ty>>::_Emplace_one_at_back<const float32&,const double&>(const float32 &,const double &)' being compiled
          with
          [
              _Ty=std::pair<float32,float32>
          ]
D:\code\PatchMatchStereo\PatchMatchStereo\pms_util.cpp(88): message : see reference to function template instantiation 'void std::vector<std::pair<float32,float32>,std::allocator<std::pair<float32,float32>>>::emplace_back<const float32&,const double&>(const float32 &,const double &)' being compiled
  Generating code
  Previous IPDB not found, fall back to full compilation.
  All 435 functions were compiled because no usable IPDB/IOBJ from previous compilation was found.
  Finished generating code
  PatchMatchStereo-v19.vcxproj -> D:\code\PatchMatchStereo\x64\Release\PatchMatchStereo-v19.exe
